bearer_token?
credentials?
bearer_token
bearer_token=
mute
update_delivery_device
update_profile
update_profile_background_image
verify_credentials
settings
update_profile_image
blocked
blocked_ids
block?
unblock
user
block
contributees
user?
users
contributors
user_search
update_profile_banner
profile_banner
remove_profile_banner
muted
muted_ids
unmute
tweet_count
following_followers_of
status
retweets
retweeters_of
destroy_status
destroy_tweet
update!
retweet
retweet!
update_with_media
oembed
update
oembeds
retweeters_ids
unretweet
statuses
trends
local_trends
trends_place
trends_available
trend_locations
trends_closest
mentions_timeline
mentions
user_timeline
retweeted_by_user
retweeted_by
retweeted_by_me
home_timeline
retweeted_to_me
retweets_of_me
suggestions
suggest_users
report_spam
search
create_saved_search
destroy_saved_search
saved_searches
saved_search
premium_search
geo_search
places_nearby
similar_places
places_similar
place
reverse_geocode
invalidate_token
reverse_token
token
list
lists
lists_subscribed_to
list_timeline
remove_list_member
memberships
list_subscribers
list_subscribe
list_subscriber?
list_unsubscribe
add_list_members
list_member?
list_members
add_list_member
destroy_list
list_update
create_list
subscriptions
remove_list_members
owned_lists
tos
languages
configuration
privacy
friend_ids
follower_ids
friendships
friendships_incoming
friendships_outgoing
follow!
create_friendship
follow
unfollow
destroy_friendship
create_friendship!
friendship_update
friendship
friendship_show
relationship
friendship?
followers
friends
no_retweet_ids
following
no_retweets_ids
unfavorite
destroy_favorite
unfavorite!
favorite
fav
fave
favorite!
create_favorite!
fav!
fave!
favorites
destroy_welcome_message
update_welcome_message
welcome_message_list
create_welcome_message_rule
welcome_message_rule
destroy_welcome_message_rule
create_welcome_message
welcome_message_rule_list
welcome_message
direct_messages_sent
direct_message_event
direct_messages
destroy_direct_message
create_direct_message
d
create_direct_message_event
create_direct_message_event_with_media
m
direct_messages_events
direct_messages_list
direct_message
direct_messages_received
dm
trigger_crc_check
create_subscription
check_subscription
deactivate_subscription
create_webhook
list_webhooks
delete_webhook
dev_environment
timeouts=
proxy=
dev_environment=
user_agent=
credentials
user_agent
proxy
user_token?
consumer_key
consumer_key=
consumer_secret
consumer_secret=
access_token
access_token=
access_token_secret
access_token_secret=
timeouts
to_json
dup
itself
yield_self
then
taint
tainted?
untaint
untrust
untrusted?
trust
frozen?
methods
singleton_methods
protected_methods
private_methods
public_methods
instance_variables
instance_variable_get
instance_variable_set
instance_variable_defined?
remove_instance_variable
instance_of?
kind_of?
is_a?
tap
clone
display
hash
class
singleton_class
public_send
method
public_method
singleton_method
define_singleton_method
extend
gem
to_enum
enum_for
<=>
===
=~
!~
nil?
eql?
respond_to?
freeze
inspect
object_id
send
to_s
__send__
!
==
!=
equal?
__id__
instance_eval
instance_exec
